23111	
1042432	Local window (1.930) exceeds phase range (0.5).
 This is caused by num_durations being too large or the transit being unusually long.
1122079	
2093349	
3224605	Local window (1.446) exceeds phase range (0.5).
 This is caused by num_durations being too large or the transit being unusually long.
3680800	Local window (2.426) exceeds phase range (0.5).
 This is caused by num_durations being too large or the transit being unusually long.
3728481	
4843495	Local window (1.802) exceeds phase range (0.5).
 This is caused by num_durations being too large or the transit being unusually long.
5045948	
5370009	
5724439	Local window (1.490) exceeds phase range (0.5).
 This is caused by num_durations being too large or the transit being unusually long.
5966772	Download of mast:TESS/product/tess2021091135823-s0037-0000000005966772-0208-s_lc.fits failed. MAST returns ERROR: HTTPError: 404 Client Error: Not Found for url: https://stpubdata.s3.us-east-1.amazona
5972036	Local window (1.734) exceeds phase range (0.5).
 This is caused by num_durations being too large or the transit being unusually long.
6499453	Local window (2.430) exceeds phase range (0.5).
 This is caused by num_durations being too large or the transit being unusually long.
6785559	Local window (1.853) exceeds phase range (0.5).
 This is caused by num_durations being too large or the transit being unusually long.
7439480	Local window (0.943) exceeds phase range (0.5).
 This is caused by num_durations being too large or the transit being unusually long.
8416274	
8995204	Local window (2.110) exceeds phase range (0.5).
 This is caused by num_durations being too large or the transit being unusually long.
9030119	Local window (2.227) exceeds phase range (0.5).
 This is caused by num_durations being too large or the transit being unusually long.
9216075	Local window (0.716) exceeds phase range (0.5).
 This is caused by num_durations being too large or the transit being unusually long.
9376973	
9858404	Local window (1.701) exceeds phase range (0.5).
 This is caused by num_durations being too large or the transit being unusually long.
9907513	Local window (2.080) exceeds phase range (0.5).
 This is caused by num_durations being too large or the transit being unusually long.
10313047	
10485639	
10487354	
11894726	
12938488	Local window (0.771) exceeds phase range (0.5).
 This is caused by num_durations being too large or the transit being unusually long.
13036318	
13961554	Local window (0.634) exceeds phase range (0.5).
 This is caused by num_durations being too large or the transit being unusually long.
14203588	
14435301	
14956304	Local window (0.502) exceeds phase range (0.5).
 This is caused by num_durations being too large or the transit being unusually long.
15460993	Local window (1.210) exceeds phase range (0.5).
 This is caused by num_durations being too large or the transit being unusually long.
15863518	Local window (1.795) exceeds phase range (0.5).
 This is caused by num_durations being too large or the transit being unusually long.
16552586	
16740548	
16776356	
16884216	Local window (1.478) exceeds phase range (0.5).
 This is caused by num_durations being too large or the transit being unusually long.
17122808	
17457400	Local window (1.046) exceeds phase range (0.5).
 This is caused by num_durations being too large or the transit being unusually long.
17925767	
18021087	
18023524	
19560484	
19612445	Local window (1.624) exceeds phase range (0.5).
 This is caused by num_durations being too large or the transit being unusually long.
20375215	Local window (1.712) exceeds phase range (0.5).
 This is caused by num_durations being too large or the transit being unusually long.
20607624	
21349099	
22038430	Local window (1.330) exceeds phase range (0.5).
 This is caused by num_durations being too large or the transit being unusually long.
22659404	
22730066	
22740615	
23170835	
23638678	
23863105	
23912656	
23961340	Local window (2.607) exceeds phase range (0.5).
 This is caused by num_durations being too large or the transit being unusually long.
24499407	
25154148	
25334160	Local window (2.104) exceeds phase range (0.5).
 This is caused by num_durations being too large or the transit being unusually long.
25959926	
26046851	
27294830	
28294709	Local window (1.694) exceeds phase range (0.5).
 This is caused by num_durations being too large or the transit being unusually long.
28872266	
29848696	
30016082	
30037565	Local window (1.559) exceeds phase range (0.5).
 This is caused by num_durations being too large or the transit being unusually long.
30791047	Local window (1.593) exceeds phase range (0.5).
 This is caused by num_durations being too large or the transit being unusually long.
30947715	
31142436	Local window (2.115) exceeds phase range (0.5).
 This is caused by num_durations being too large or the transit being unusually long.
31258738	Local window (2.633) exceeds phase range (0.5).
 This is caused by num_durations being too large or the transit being unusually long.
32090583	Local window (2.337) exceeds phase range (0.5).
 This is caused by num_durations being too large or the transit being unusually long.
32260988	Local window (1.811) exceeds phase range (0.5).
 This is caused by num_durations being too large or the transit being unusually long.
35582553	Local window (0.842) exceeds phase range (0.5).
 This is caused by num_durations being too large or the transit being unusually long.
36646052	
37075377	Local window (2.155) exceeds phase range (0.5).
 This is caused by num_durations being too large or the transit being unusually long.
38399060	
38603673	Local window (0.602) exceeds phase range (0.5).
 This is caused by num_durations being too large or the transit being unusually long.
38939275	Local window (1.972) exceeds phase range (0.5).
 This is caused by num_durations being too large or the transit being unusually long.
39174810	
39464158	
40093986	
41067039	
41839508	
42110638	
43921512	
44161614	
44295981	
44388479	
44451202	
44791617	
44797824	Local window (0.897) exceeds phase range (0.5).
 This is caused by num_durations being too large or the transit being unusually long.
45034406	
45376816	
45905504	
46104747	Local window (2.495) exceeds phase range (0.5).
 This is caused by num_durations being too large or the transit being unusually long.
46774573	
47248224	
48253329	
48806546	
49411575	
49524528	
50592053	Local window (1.878) exceeds phase range (0.5).
 This is caused by num_durations being too large or the transit being unusually long.
50989813	Local window (1.495) exceeds phase range (0.5).
 This is caused by num_durations being too large or the transit being unusually long.
51830822	
51912829	Local window (0.599) exceeds phase range (0.5).
 This is caused by num_durations being too large or the transit being unusually long.
51992761	Local window (2.014) exceeds phase range (0.5).
 This is caused by num_durations being too large or the transit being unusually long.
52059926	Local window (2.555) exceeds phase range (0.5).
 This is caused by num_durations being too large or the transit being unusually long.
52555068	
52869977	Local window (2.236) exceeds phase range (0.5).
 This is caused by num_durations being too large or the transit being unusually long.
52976395	Local window (1.486) exceeds phase range (0.5).
 This is caused by num_durations being too large or the transit being unusually long.
53122063	Local window (0.846) exceeds phase range (0.5).
 This is caused by num_durations being too large or the transit being unusually long.
53596439	
53709089	Local window (0.803) exceeds phase range (0.5).
 This is caused by num_durations being too large or the transit being unusually long.
54141697	Local window (1.214) exceeds phase range (0.5).
 This is caused by num_durations being too large or the transit being unusually long.
54272884	
54391400	
55871761	
55967712	
56662591	Local window (2.146) exceeds phase range (0.5).
 This is caused by num_durations being too large or the transit being unusually long.
56798909	
57047535	
57147191	
58461209	
58726656	
59369068	
59537824	
59744366	Local window (1.568) exceeds phase range (0.5).
 This is caused by num_durations being too large or the transit being unusually long.
59845928	
60446303	
60520371	
60527976	
60542708	Local window (1.057) exceeds phase range (0.5).
 This is caused by num_durations being too large or the transit being unusually long.
60984804	Only 25 cadences present in the local window, require at least 50 cadences for reliable binning.
61344769	
61520064	
61988212	Local window (0.900) exceeds phase range (0.5).
 This is caused by num_durations being too large or the transit being unusually long.
62501513	
62682198	
62867537	
63082902	
63232997	
63303430	
63307816	
63550960	
63735024	
64198376	
64250123	
64282927	Local window (1.315) exceeds phase range (0.5).
 This is caused by num_durations being too large or the transit being unusually long.
64334960	
66266024	
66286602	
66545173	
67031480	Local window (0.760) exceeds phase range (0.5).
 This is caused by num_durations being too large or the transit being unusually long.
67196266	
67246795	
67349298	
67566164	
68808155	
69054388	
69436501	
69819610	Local window (0.643) exceeds phase range (0.5).
 This is caused by num_durations being too large or the transit being unusually long.
70435923	
70897115	
71083829	
71268730	Local window (0.677) exceeds phase range (0.5).
 This is caused by num_durations being too large or the transit being unusually long.
71345362	
71581518	
72090501	Local window (1.712) exceeds phase range (0.5).
 This is caused by num_durations being too large or the transit being unusually long.
72212948	
72214252	
72401290	Not recognized as a supported data product:
/Users/srihari/Desktop/Project Stellaris/data/raw/tess/072401290/mastDownload/TESS/tess2026033082000-s0100-0000000072401290-0302-s/tess2026033082000-s0100-0
72504017	Local window (1.789) exceeds phase range (0.5).
 This is caused by num_durations being too large or the transit being unusually long.
73560357	Local window (0.526) exceeds phase range (0.5).
 This is caused by num_durations being too large or the transit being unusually long.
73692250	
73729607	
74389253	
76545118	Local window (0.902) exceeds phase range (0.5).
 This is caused by num_durations being too large or the transit being unusually long.
76706043	
76731445	
77258176	
78290597	
78441371	
79030066	
80137654	
80432617	Local window (1.329) exceeds phase range (0.5).
 This is caused by num_durations being too large or the transit being unusually long.
80713983	Local window (1.645) exceeds phase range (0.5).
 This is caused by num_durations being too large or the transit being unusually long.
81055189	Local window (0.551) exceeds phase range (0.5).
 This is caused by num_durations being too large or the transit being unusually long.
81178747	Local window (0.650) exceeds phase range (0.5).
 This is caused by num_durations being too large or the transit being unusually long.
81963214	
82128636	Local window (1.478) exceeds phase range (0.5).
 This is caused by num_durations being too large or the transit being unusually long.
82508808	Local window (1.468) exceeds phase range (0.5).
 This is caused by num_durations being too large or the transit being unusually long.
83180637	
83299322	
85113291	
85216969	
85284138	
86419190	
87090944	Local window (1.034) exceeds phase range (0.5).
 This is caused by num_durations being too large or the transit being unusually long.
87932853	
88565745	Local window (0.987) exceeds phase range (0.5).
 This is caused by num_durations being too large or the transit being unusually long.
88641387	
88760990	
88865512	
88929544	
89014296	
89062142	
89362689	
90950296	
91481801	Local window (1.150) exceeds phase range (0.5).
 This is caused by num_durations being too large or the transit being unusually long.
91777086	
92359852	
92363023	
92992033	Local window (2.178) exceeds phase range (0.5).
 This is caused by num_durations being too large or the transit being unusually long.
94483093	
94727308	Local window (2.056) exceeds phase range (0.5).
 This is caused by num_durations being too large or the transit being unusually long.
95415033	
95512789	
96475638	Local window (1.090) exceeds phase range (0.5).
 This is caused by num_durations being too large or the transit being unusually long.
96885837	
97248423	
97249514	
97486178	Local window (2.291) exceeds phase range (0.5).
 This is caused by num_durations being too large or the transit being unusually long.
97715482	
98728690	
98833877	Local window (2.135) exceeds phase range (0.5).
 This is caused by num_durations being too large or the transit being unusually long.
99025225	
99796664	
99834321	
99896567	Local window (2.600) exceeds phase range (0.5).
 This is caused by num_durations being too large or the transit being unusually long.
100263315	
100264497	
100474173	
100921768	Local window (1.453) exceeds phase range (0.5).
 This is caused by num_durations being too large or the transit being unusually long.
101272159	
101569583	Local window (1.339) exceeds phase range (0.5).
 This is caused by num_durations being too large or the transit being unusually long.
101592219	
103183399	Local window (1.814) exceeds phase range (0.5).
 This is caused by num_durations being too large or the transit being unusually long.
103605399	Local window (2.356) exceeds phase range (0.5).
 This is caused by num_durations being too large or the transit being unusually long.
103633672	Local window (1.443) exceeds phase range (0.5).
 This is caused by num_durations being too large or the transit being unusually long.
104153474	
105379013	
107018378	Local window (2.191) exceeds phase range (0.5).
 This is caused by num_durations being too large or the transit being unusually long.
107779737	
107782586	Local window (1.490) exceeds phase range (0.5).
 This is caused by num_durations being too large or the transit being unusually long.
108748840	
110110529	
110738386	Local window (1.110) exceeds phase range (0.5).
 This is caused by num_durations being too large or the transit being unusually long.
110795273	
110828766	
111741396	
113542042	
114011911	
114422211	
114600571	
115182469	Local window (1.239) exceeds phase range (0.5).
 This is caused by num_durations being too large or the transit being unusually long.
115623434	Local window (1.744) exceeds phase range (0.5).
 This is caused by num_durations being too large or the transit being unusually long.
115899725	Local window (1.891) exceeds phase range (0.5).
 This is caused by num_durations being too large or the transit being unusually long.
116262653	
117174065	
117789567	Local window (1.145) exceeds phase range (0.5).
 This is caused by num_durations being too large or the transit being unusually long.
117843365	Local window (0.701) exceeds phase range (0.5).
 This is caused by num_durations being too large or the transit being unusually long.
117885024	
117892246	
117938087	Local window (2.598) exceeds phase range (0.5).
 This is caused by num_durations being too large or the transit being unusually long.
118573065	
119069946	
119448220	
120313529	
120487017	
120540061	
120737368	
123133954	Local window (1.642) exceeds phase range (0.5).
 This is caused by num_durations being too large or the transit being unusually long.
123234747	Local window (2.227) exceeds phase range (0.5).
 This is caused by num_durations being too large or the transit being unusually long.
123958679	Local window (1.996) exceeds phase range (0.5).
 This is caused by num_durations being too large or the transit being unusually long.
124183167	
124491883	Local window (1.911) exceeds phase range (0.5).
 This is caused by num_durations being too large or the transit being unusually long.
124895104	
125260728	
125366299	
125695940	
125744840	
126737992	Local window (1.121) exceeds phase range (0.5).
 This is caused by num_durations being too large or the transit being unusually long.
126797048	Local window (1.972) exceeds phase range (0.5).
 This is caused by num_durations being too large or the transit being unusually long.
127426341	
128449971	Local window (1.102) exceeds phase range (0.5).
 This is caused by num_durations being too large or the transit being unusually long.
129198098	
130087198	
130295375	
130958848	
132766482	
135036669	Local window (1.468) exceeds phase range (0.5).
 This is caused by num_durations being too large or the transit being unusually long.
136992839	
137020480	Local window (1.645) exceeds phase range (0.5).
 This is caused by num_durations being too large or the transit being unusually long.
138225319	
138609069	
138973825	
139350191	
139550876	
139559780	
140068425	Local window (1.178) exceeds phase range (0.5).
 This is caused by num_durations being too large or the transit being unusually long.
140190514	
140938327	
141279435	
141522677	Local window (1.948) exceeds phase range (0.5).
 This is caused by num_durations being too large or the transit being unusually long.
141524447	
141770198	Local window (2.405) exceeds phase range (0.5).
 This is caused by num_durations being too large or the transit being unusually long.
142019343	Local window (1.833) exceeds phase range (0.5).
 This is caused by num_durations being too large or the transit being unusually long.
142053623	
142385671	
142405475	Local window (2.085) exceeds phase range (0.5).
 This is caused by num_durations being too large or the transit being unusually long.
142711195	
142757891	
142908390	Local window (1.329) exceeds phase range (0.5).
 This is caused by num_durations being too large or the transit being unusually long.
142914189	
142938659	Local window (1.324) exceeds phase range (0.5).
 This is caused by num_durations being too large or the transit being unusually long.
143168991	
143282930	Local window (1.739) exceeds phase range (0.5).
 This is caused by num_durations being too large or the transit being unusually long.
144077896	
144125079	
144310492	
144486060	Local window (0.906) exceeds phase range (0.5).
 This is caused by num_durations being too large or the transit being unusually long.
147430118	Local window (2.104) exceeds phase range (0.5).
 This is caused by num_durations being too large or the transit being unusually long.
147821208	Local window (2.585) exceeds phase range (0.5).
 This is caused by num_durations being too large or the transit being unusually long.
148106497	
148273668	
148322608	
148478039	
148479278	Local window (1.274) exceeds phase range (0.5).
 This is caused by num_durations being too large or the transit being unusually long.
148691985	
148772620	
148833828	Local window (2.002) exceeds phase range (0.5).
 This is caused by num_durations being too large or the transit being unusually long.
148883384	Local window (2.107) exceeds phase range (0.5).
 This is caused by num_durations being too large or the transit being unusually long.
148960849	Local window (2.223) exceeds phase range (0.5).
 This is caused by num_durations being too large or the transit being unusually long.
149301575	Local window (2.560) exceeds phase range (0.5).
 This is caused by num_durations being too large or the transit being unusually long.
149389419	Local window (1.595) exceeds phase range (0.5).
 This is caused by num_durations being too large or the transit being unusually long.
149577217	
149855074	
149989864	Local window (2.533) exceeds phase range (0.5).
 This is caused by num_durations being too large or the transit being unusually long.
150063444	Local window (0.739) exceeds phase range (0.5).
 This is caused by num_durations being too large or the transit being unusually long.
150271800	
150299840	Local window (1.676) exceeds phase range (0.5).
 This is caused by num_durations being too large or the transit being unusually long.
150320610	Local window (2.140) exceeds phase range (0.5).
 This is caused by num_durations being too large or the transit being unusually long.
150429313	
150470555	
150559728	Local window (1.461) exceeds phase range (0.5).
 This is caused by num_durations being too large or the transit being unusually long.
151760597	
152005053	Local window (1.933) exceeds phase range (0.5).
 This is caused by num_durations being too large or the transit being unusually long.
153696322	
153725446	
153971295	Local window (2.184) exceeds phase range (0.5).
 This is caused by num_durations being too large or the transit being unusually long.
154067753	
154264903	
154353849	Local window (1.871) exceeds phase range (0.5).
 This is caused by num_durations being too large or the transit being unusually long.
154480367	
154563411	Local window (1.821) exceeds phase range (0.5).
 This is caused by num_durations being too large or the transit being unusually long.
154568734	Local window (1.517) exceeds phase range (0.5).
 This is caused by num_durations being too large or the transit being unusually long.
154762431	Local window (2.568) exceeds phase range (0.5).
 This is caused by num_durations being too large or the transit being unusually long.
154869806	
154923406	Local window (1.334) exceeds phase range (0.5).
 This is caused by num_durations being too large or the transit being unusually long.
154926644	Local window (0.955) exceeds phase range (0.5).
 This is caused by num_durations being too large or the transit being unusually long.
155001079	Local window (0.887) exceeds phase range (0.5).
 This is caused by num_durations being too large or the transit being unusually long.
155093420	Local window (1.964) exceeds phase range (0.5).
 This is caused by num_durations being too large or the transit being unusually long.
155993822	
156377968	
156512187	
156514476	
157011920	Local window (1.211) exceeds phase range (0.5).
 This is caused by num_durations being too large or the transit being unusually long.
157768969	Local window (2.627) exceeds phase range (0.5).
 This is caused by num_durations being too large or the transit being unusually long.
157808355	
158022899	Too few cadences (4327); skipping
158075010	Local window (1.595) exceeds phase range (0.5).
 This is caused by num_durations being too large or the transit being unusually long.
158657991	
159084486	
159303995	Local window (2.611) exceeds phase range (0.5).
 This is caused by num_durations being too large or the transit being unusually long.
159400561	Local window (1.989) exceeds phase range (0.5).
 This is caused by num_durations being too large or the transit being unusually long.
159893748	
160075684	Local window (1.499) exceeds phase range (0.5).
 This is caused by num_durations being too large or the transit being unusually long.
160103855	
160223936	Local window (1.672) exceeds phase range (0.5).
 This is caused by num_durations being too large or the transit being unusually long.
160255140	
160487753	Local window (1.975) exceeds phase range (0.5).
 This is caused by num_durations being too large or the transit being unusually long.
160512852	
160652910	
161223358	Local window (2.582) exceeds phase range (0.5).
 This is caused by num_durations being too large or the transit being unusually long.
164783371	
165337974	
165413340	
165414210	
165554103	Local window (2.081) exceeds phase range (0.5).
 This is caused by num_durations being too large or the transit being unusually long.
165965790	
165985431	
166053959	Local window (1.499) exceeds phase range (0.5).
 This is caused by num_durations being too large or the transit being unusually long.
166086403	Local window (1.423) exceeds phase range (0.5).
 This is caused by num_durations being too large or the transit being unusually long.
166099360	
166145361	Local window (2.172) exceeds phase range (0.5).
 This is caused by num_durations being too large or the transit being unusually long.
166834768	
167165932	
167337562	
167631701	
167656187	Local window (1.770) exceeds phase range (0.5).
 This is caused by num_durations being too large or the transit being unusually long.
167714792	Local window (1.634) exceeds phase range (0.5).
 This is caused by num_durations being too large or the transit being unusually long.
167719618	Local window (1.559) exceeds phase range (0.5).
 This is caused by num_durations being too large or the transit being unusually long.
168158622	Local window (1.508) exceeds phase range (0.5).
 This is caused by num_durations being too large or the transit being unusually long.
168751223	
170367033	
170440216	
171599496	
171646471	Local window (1.010) exceeds phase range (0.5).
 This is caused by num_durations being too large or the transit being unusually long.
172463434	
173612049	Local window (2.258) exceeds phase range (0.5).
 This is caused by num_durations being too large or the transit being unusually long.
173615288	
173706852	
176604975	
177033137	
177079323	Local window (0.887) exceeds phase range (0.5).
 This is caused by num_durations being too large or the transit being unusually long.
177308364	Local window (2.205) exceeds phase range (0.5).
 This is caused by num_durations being too large or the transit being unusually long.
177414713	Local window (2.362) exceeds phase range (0.5).
 This is caused by num_durations being too large or the transit being unusually long.
177494632	
177697418	
177718896	Local window (1.431) exceeds phase range (0.5).
 This is caused by num_durations being too large or the transit being unusually long.
178215634	
178739678	
179308757	Local window (0.690) exceeds phase range (0.5).
 This is caused by num_durations being too large or the transit being unusually long.
179580045	Local window (2.644) exceeds phase range (0.5).
 This is caused by num_durations being too large or the transit being unusually long.
181748381	Local window (2.548) exceeds phase range (0.5).
 This is caused by num_durations being too large or the transit being unusually long.
184527843	
185620819	
186530554	
187416256	
187495749	
188389305	
188539008	
188668950	Local window (1.313) exceeds phase range (0.5).
 This is caused by num_durations being too large or the transit being unusually long.
188814758	
192321638	
192943720	Local window (1.404) exceeds phase range (0.5).
 This is caused by num_durations being too large or the transit being unusually long.
193081156	
194203348	
195155818	Local window (1.374) exceeds phase range (0.5).
 This is caused by num_durations being too large or the transit being unusually long.
195483731	
195933415	
196201652	
196286578	Local window (1.664) exceeds phase range (0.5).
 This is caused by num_durations being too large or the transit being unusually long.
196351790	
196389062	
197598125	
197604890	
197642926	
198178505	Local window (2.297) exceeds phase range (0.5).
 This is caused by num_durations being too large or the transit being unusually long.
198358065	
198456933	Local window (0.810) exceeds phase range (0.5).
 This is caused by num_durations being too large or the transit being unusually long.
198458010	Local window (2.105) exceeds phase range (0.5).
 This is caused by num_durations being too large or the transit being unusually long.
198512478	Local window (1.851) exceeds phase range (0.5).
 This is caused by num_durations being too large or the transit being unusually long.
199289712	
199296714	
199417958	
199488690	
199676274	
200465781	
201292545	Local window (2.495) exceeds phase range (0.5).
 This is caused by num_durations being too large or the transit being unusually long.
202648961	
205044976	
206717400	
206763148	
206947218	
207334420	
207463446	Local window (2.077) exceeds phase range (0.5).
 This is caused by num_durations being too large or the transit being unusually long.
209320688	
209935997	
210904767	Local window (1.537) exceeds phase range (0.5).
 This is caused by num_durations being too large or the transit being unusually long.
217933560	Local window (0.639) exceeds phase range (0.5).
 This is caused by num_durations being too large or the transit being unusually long.
219089784	
219332978	Local window (2.162) exceeds phase range (0.5).
 This is caused by num_durations being too large or the transit being unusually long.
219462190	Local window (2.301) exceeds phase range (0.5).
 This is caused by num_durations being too large or the transit being unusually long.
219466784	Local window (2.024) exceeds phase range (0.5).
 This is caused by num_durations being too large or the transit being unusually long.
219697927	Local window (1.996) exceeds phase range (0.5).
 This is caused by num_durations being too large or the transit being unusually long.
219707850	
219776325	Local window (1.336) exceeds phase range (0.5).
 This is caused by num_durations being too large or the transit being unusually long.
219778329	Local window (2.525) exceeds phase range (0.5).
 This is caused by num_durations being too large or the transit being unusually long.
219809549	
220139435	Local window (0.632) exceeds phase range (0.5).
 This is caused by num_durations being too large or the transit being unusually long.
220459976	Local window (2.197) exceeds phase range (0.5).
 This is caused by num_durations being too large or the transit being unusually long.
220599411	
220621072	
221656234	
224635135	Local window (1.079) exceeds phase range (0.5).
 This is caused by num_durations being too large or the transit being unusually long.
229172128	
229608594	Local window (2.581) exceeds phase range (0.5).
 This is caused by num_durations being too large or the transit being unusually long.
230075227	Local window (1.526) exceeds phase range (0.5).
 This is caused by num_durations being too large or the transit being unusually long.
230087765	Local window (2.502) exceeds phase range (0.5).
 This is caused by num_durations being too large or the transit being unusually long.
230856987	
231076038	Local window (2.530) exceeds phase range (0.5).
 This is caused by num_durations being too large or the transit being unusually long.
231157209	
231337271	Local window (1.523) exceeds phase range (0.5).
 This is caused by num_durations being too large or the transit being unusually long.
231451287	
231559817	Local window (1.946) exceeds phase range (0.5).
 This is caused by num_durations being too large or the transit being unusually long.
232131043	
232139628	
232399986	
233194447	Local window (2.636) exceeds phase range (0.5).
 This is caused by num_durations being too large or the transit being unusually long.
233211762	Local window (0.696) exceeds phase range (0.5).
 This is caused by num_durations being too large or the transit being unusually long.
233266582	
233266797	
233287217	
233500935	Local window (2.484) exceeds phase range (0.5).
 This is caused by num_durations being too large or the transit being unusually long.
233529335	Local window (1.522) exceeds phase range (0.5).
 This is caused by num_durations being too large or the transit being unusually long.
233533589	
233721037	Local window (2.128) exceeds phase range (0.5).
 This is caused by num_durations being too large or the transit being unusually long.
233735354	
233747840	
233855268	Local window (1.942) exceeds phase range (0.5).
 This is caused by num_durations being too large or the transit being unusually long.
234009062	
234187289	
234489133	
234527228	Local window (1.298) exceeds phase range (0.5).
 This is caused by num_durations being too large or the transit being unusually long.
234595543	
234603808	
234832821	
235057120	
235283051	
235717158	
236644754	
236817690	Local window (0.710) exceeds phase range (0.5).
 This is caused by num_durations being too large or the transit being unusually long.
237019002	
237201858	Local window (2.416) exceeds phase range (0.5).
 This is caused by num_durations being too large or the transit being unusually long.
237211410	Local window (1.810) exceeds phase range (0.5).
 This is caused by num_durations being too large or the transit being unusually long.
237405551	
237552878	
237664324	
237924601	Local window (1.331) exceeds phase range (0.5).
 This is caused by num_durations being too large or the transit being unusually long.
238086647	Local window (0.986) exceeds phase range (0.5).
 This is caused by num_durations being too large or the transit being unusually long.
238239232	
238394308	
238506223	
238898571	Local window (1.254) exceeds phase range (0.5).
 This is caused by num_durations being too large or the transit being unusually long.
238959233	
239159011	
239542854	
239823606	
240535286	
241196395	Local window (1.270) exceeds phase range (0.5).
 This is caused by num_durations being too large or the transit being unusually long.
242120884	Local window (0.929) exceeds phase range (0.5).
 This is caused by num_durations being too large or the transit being unusually long.
242674266	
243208884	Local window (2.446) exceeds phase range (0.5).
 This is caused by num_durations being too large or the transit being unusually long.
244161191	Local window (0.953) exceeds phase range (0.5).
 This is caused by num_durations being too large or the transit being unusually long.
244170332	Local window (2.309) exceeds phase range (0.5).
 This is caused by num_durations being too large or the transit being unusually long.
245349211	
245665919	
247906954	Local window (1.427) exceeds phase range (0.5).
 This is caused by num_durations being too large or the transit being unusually long.
248434716	Local window (0.898) exceeds phase range (0.5).
 This is caused by num_durations being too large or the transit being unusually long.
248769312	Local window (2.482) exceeds phase range (0.5).
 This is caused by num_durations being too large or the transit being unusually long.
249776059	Local window (0.565) exceeds phase range (0.5).
 This is caused by num_durations being too large or the transit being unusually long.
250189842	
250306572	Local window (1.666) exceeds phase range (0.5).
 This is caused by num_durations being too large or the transit being unusually long.
250330564	Local window (0.587) exceeds phase range (0.5).
 This is caused by num_durations being too large or the transit being unusually long.
250478345	
250724252	Local window (0.596) exceeds phase range (0.5).
 This is caused by num_durations being too large or the transit being unusually long.
251186192	
251594291	Local window (1.795) exceeds phase range (0.5).
 This is caused by num_durations being too large or the transit being unusually long.
251743761	
251803342	
252045206	
252481136	
252851803	
255560319	Local window (2.063) exceeds phase range (0.5).
 This is caused by num_durations being too large or the transit being unusually long.
255998336	
256418577	
256561562	Local window (1.028) exceeds phase range (0.5).
 This is caused by num_durations being too large or the transit being unusually long.
256778317	
256783400	
256867493	Local window (2.418) exceeds phase range (0.5).
 This is caused by num_durations being too large or the transit being unusually long.
257531677	
257922326	
258279359	
258634801	
258822347	
258983679	
259188347	
259238498	Local window (1.609) exceeds phase range (0.5).
 This is caused by num_durations being too large or the transit being unusually long.
259330386	Local window (1.816) exceeds phase range (0.5).
 This is caused by num_durations being too large or the transit being unusually long.
259381479	
259415341	
260040728	
260767135	
261264800	Local window (2.596) exceeds phase range (0.5).
 This is caused by num_durations being too large or the transit being unusually long.
261944532	
262148317	
262330063	
263723781	
263723967	
264171144	Local window (1.577) exceeds phase range (0.5).
 This is caused by num_durations being too large or the transit being unusually long.
264193444	
264544388	Local window (1.029) exceeds phase range (0.5).
 This is caused by num_durations being too large or the transit being unusually long.
264691112	
265078278	
265129950	
265460043	Local window (2.209) exceeds phase range (0.5).
 This is caused by num_durations being too large or the transit being unusually long.
265887000	
266488971	
267414551	Local window (1.997) exceeds phase range (0.5).
 This is caused by num_durations being too large or the transit being unusually long.
267808774	
267817947	
267834862	
268456052	Local window (0.737) exceeds phase range (0.5).
 This is caused by num_durations being too large or the transit being unusually long.
268496304	
268689126	Local window (0.874) exceeds phase range (0.5).
 This is caused by num_durations being too large or the transit being unusually long.
269102377	
269130683	
269231011	
269249506	
269330087	
269514008	
270048796	
270494650	Local window (2.322) exceeds phase range (0.5).
 This is caused by num_durations being too large or the transit being unusually long.
270711339	
272219353	Local window (2.021) exceeds phase range (0.5).
 This is caused by num_durations being too large or the transit being unusually long.
272519426	
272635712	Local window (2.140) exceeds phase range (0.5).
 This is caused by num_durations being too large or the transit being unusually long.
272679240	Local window (1.803) exceeds phase range (0.5).
 This is caused by num_durations being too large or the transit being unusually long.
272829240	
274057129	
274193763	
274411493	
274545328	Local window (0.555) exceeds phase range (0.5).
 This is caused by num_durations being too large or the transit being unusually long.
276385231	
276909255	
276922692	
277447970	Local window (1.844) exceeds phase range (0.5).
 This is caused by num_durations being too large or the transit being unusually long.
277499689	
277853911	
278105308	Local window (1.903) exceeds phase range (0.5).
 This is caused by num_durations being too large or the transit being unusually long.
279154795	
279331929	
279472966	
279528230	
279769094	Local window (1.020) exceeds phase range (0.5).
 This is caused by num_durations being too large or the transit being unusually long.
279871772	
279909537	
279922257	Local window (2.039) exceeds phase range (0.5).
 This is caused by num_durations being too large or the transit being unusually long.
280865159	Local window (1.746) exceeds phase range (0.5).
 This is caused by num_durations being too large or the transit being unusually long.
281100535	
281596890	Local window (1.199) exceeds phase range (0.5).
 This is caused by num_durations being too large or the transit being unusually long.
281716779	Local window (0.788) exceeds phase range (0.5).
 This is caused by num_durations being too large or the transit being unusually long.
282113152	
282794970	
282940781	Local window (1.439) exceeds phase range (0.5).
 This is caused by num_durations being too large or the transit being unusually long.
283094471	
283474780	Local window (1.562) exceeds phase range (0.5).
 This is caused by num_durations being too large or the transit being unusually long.
284122875	
284361752	Local window (2.046) exceeds phase range (0.5).
 This is caused by num_durations being too large or the transit being unusually long.
284586930	
284613259	
284688043	Local window (1.780) exceeds phase range (0.5).
 This is caused by num_durations being too large or the transit being unusually long.
284738182	Local window (2.365) exceeds phase range (0.5).
 This is caused by num_durations being too large or the transit being unusually long.
284760740	Local window (1.762) exceeds phase range (0.5).
 This is caused by num_durations being too large or the transit being unusually long.
284900292	Local window (1.421) exceeds phase range (0.5).
 This is caused by num_durations being too large or the transit being unusually long.
285212983	
285592400	
286382849	
286857537	
286923515	
287152495	Local window (2.258) exceeds phase range (0.5).
 This is caused by num_durations being too large or the transit being unusually long.
287191183	
287326127	Local window (1.765) exceeds phase range (0.5).
 This is caused by num_durations being too large or the transit being unusually long.
287444302	
287768299	
287776397	Local window (0.557) exceeds phase range (0.5).
 This is caused by num_durations being too large or the transit being unusually long.
287948915	
287959034	Local window (0.556) exceeds phase range (0.5).
 This is caused by num_durations being too large or the transit being unusually long.
288516853	Local window (2.580) exceeds phase range (0.5).
 This is caused by num_durations being too large or the transit being unusually long.
288631580	Local window (1.335) exceeds phase range (0.5).
 This is caused by num_durations being too large or the transit being unusually long.
288953761	
289047954	
289114603	
289164482	Local window (1.324) exceeds phase range (0.5).
 This is caused by num_durations being too large or the transit being unusually long.
289218489	
289345412	
289481977	
291016451	
291471222	Local window (2.169) exceeds phase range (0.5).
 This is caused by num_durations being too large or the transit being unusually long.
291857895	
291976834	
292023054	
292221593	Local window (1.562) exceeds phase range (0.5).
 This is caused by num_durations being too large or the transit being unusually long.
292349703	Local window (1.550) exceeds phase range (0.5).
 This is caused by num_durations being too large or the transit being unusually long.
292469572	
292852583	Local window (0.860) exceeds phase range (0.5).
 This is caused by num_durations being too large or the transit being unusually long.
293267224	
293407882	
293949992	
294434193	Local window (2.280) exceeds phase range (0.5).
 This is caused by num_durations being too large or the transit being unusually long.
294497466	Local window (1.020) exceeds phase range (0.5).
 This is caused by num_durations being too large or the transit being unusually long.
294668702	
296327387	
297413553	
297924888	
298189225	
298189384	
298291597	
298647682	Local window (1.460) exceeds phase range (0.5).
 This is caused by num_durations being too large or the transit being unusually long.
298658399	
299023386	Local window (0.724) exceeds phase range (0.5).
 This is caused by num_durations being too large or the transit being unusually long.
299551666	
299801675	
300654938	
300868410	
301281965	
301343785	
301623068	
302477411	
303502327	('Connection aborted.', RemoteDisconnected('Remote end closed connection without response'))
303814029	Local window (1.509) exceeds phase range (0.5).
 This is caused by num_durations being too large or the transit being unusually long.
305026599	
305375697	Local window (2.308) exceeds phase range (0.5).
 This is caused by num_durations being too large or the transit being unusually long.
305830609	
305948428	
306039307	
306485267	Local window (2.009) exceeds phase range (0.5).
 This is caused by num_durations being too large or the transit being unusually long.
306772292	
307036187	
307734818	
307888842	Local window (2.221) exceeds phase range (0.5).
 This is caused by num_durations being too large or the transit being unusually long.
308522539	Local window (1.489) exceeds phase range (0.5).
 This is caused by num_durations being too large or the transit being unusually long.
308612785	Local window (2.328) exceeds phase range (0.5).
 This is caused by num_durations being too large or the transit being unusually long.
308883808	Local window (1.718) exceeds phase range (0.5).
 This is caused by num_durations being too large or the transit being unusually long.
309254930	Local window (1.202) exceeds phase range (0.5).
 This is caused by num_durations being too large or the transit being unusually long.
309257814	Timeout limit of 600 exceeded.
309849817	Local window (0.505) exceeds phase range (0.5).
 This is caused by num_durations being too large or the transit being unusually long.
310009611	Local window (0.563) exceeds phase range (0.5).
 This is caused by num_durations being too large or the transit being unusually long.
310231275	Local window (0.803) exceeds phase range (0.5).
 This is caused by num_durations being too large or the transit being unusually long.
310586478	
310822679	Local window (1.978) exceeds phase range (0.5).
 This is caused by num_durations being too large or the transit being unusually long.
311116297	
311130133	Local window (2.367) exceeds phase range (0.5).
 This is caused by num_durations being too large or the transit being unusually long.
311284709	
311703724	Local window (1.567) exceeds phase range (0.5).
 This is caused by num_durations being too large or the transit being unusually long.
312862941	('Connection aborted.', RemoteDisconnected('Remote end closed connection without response'))
313425396	Local window (2.655) exceeds phase range (0.5).
 This is caused by num_durations being too large or the transit being unusually long.
313922260	
314835525	Local window (2.407) exceeds phase range (0.5).
 This is caused by num_durations being too large or the transit being unusually long.
314992600	
315398848	Local window (0.729) exceeds phase range (0.5).
 This is caused by num_durations being too large or the transit being unusually long.
316138059	
317170536	
317290270	
317801157	
317849098	
317882327	
318071201	
318491006	
318937509	Local window (1.267) exceeds phase range (0.5).
 This is caused by num_durations being too large or the transit being unusually long.
319259194	Local window (2.129) exceeds phase range (0.5).
 This is caused by num_durations being too large or the transit being unusually long.
319855425	
321069529	Local window (2.507) exceeds phase range (0.5).
 This is caused by num_durations being too large or the transit being unusually long.
321785052	
321790238	Local window (2.551) exceeds phase range (0.5).
 This is caused by num_durations being too large or the transit being unusually long.
322369867	
322818151	
323250919	
323407659	
325081244	Local window (1.599) exceeds phase range (0.5).
 This is caused by num_durations being too large or the transit being unusually long.
325468685	Local window (1.407) exceeds phase range (0.5).
 This is caused by num_durations being too large or the transit being unusually long.
325765282	
325908483	
327126871	Local window (1.642) exceeds phase range (0.5).
 This is caused by num_durations being too large or the transit being unusually long.
327249454	
327996774	
329821992	
330944099	Local window (0.601) exceeds phase range (0.5).
 This is caused by num_durations being too large or the transit being unusually long.
331619598	
332383229	Local window (0.523) exceeds phase range (0.5).
 This is caused by num_durations being too large or the transit being unusually long.
332496784	
332579116	
332880327	Local window (1.997) exceeds phase range (0.5).
 This is caused by num_durations being too large or the transit being unusually long.
332911893	
333324340	
333814134	('Connection aborted.', RemoteDisconnected('Remote end closed connection without response'))
334125713	
334380435	
334798754	
334811204	Local window (1.749) exceeds phase range (0.5).
 This is caused by num_durations being too large or the transit being unusually long.
335037151	
335040423	Local window (1.683) exceeds phase range (0.5).
 This is caused by num_durations being too large or the transit being unusually long.
335499997	Local window (0.576) exceeds phase range (0.5).
 This is caused by num_durations being too large or the transit being unusually long.
335624180	
335661164	
335681838	Local window (1.333) exceeds phase range (0.5).
 This is caused by num_durations being too large or the transit being unusually long.
335952150	Local window (1.929) exceeds phase range (0.5).
 This is caused by num_durations being too large or the transit being unusually long.
336264393	
336961891	Local window (0.563) exceeds phase range (0.5).
 This is caused by num_durations being too large or the transit being unusually long.
337217173	Local window (0.709) exceeds phase range (0.5).
 This is caused by num_durations being too large or the transit being unusually long.
337385330	Local window (2.422) exceeds phase range (0.5).
 This is caused by num_durations being too large or the transit being unusually long.
341005781	
341157650	
341872729	Local window (2.645) exceeds phase range (0.5).
 This is caused by num_durations being too large or the transit being unusually long.
342276668	
343774169	
344855300	
345009464	
345596003	
346154016	
346855283	Local window (1.000) exceeds phase range (0.5).
 This is caused by num_durations being too large or the transit being unusually long.
346972413	Local window (2.641) exceeds phase range (0.5).
 This is caused by num_durations being too large or the transit being unusually long.
347553438	
347944406	
348099535	Local window (2.375) exceeds phase range (0.5).
 This is caused by num_durations being too large or the transit being unusually long.
348477542	('Connection aborted.', RemoteDisconnected('Remote end closed connection without response'))
348899056	
349312122	Too few cadences (4861); skipping
349677805	
349986198	Local window (1.624) exceeds phase range (0.5).
 This is caused by num_durations being too large or the transit being unusually long.
350064389	
350268913	
350299588	Local window (2.666) exceeds phase range (0.5).
 This is caused by num_durations being too large or the transit being unusually long.
350432166	Timeout limit of 600 exceeded.
350733403	Local window (2.222) exceeds phase range (0.5).
 This is caused by num_durations being too large or the transit being unusually long.
350934357	Local window (2.616) exceeds phase range (0.5).
 This is caused by num_durations being too large or the transit being unusually long.
351599985	
352239069	Local window (0.766) exceeds phase range (0.5).
 This is caused by num_durations being too large or the transit being unusually long.
352284958	
352301423	
352409708	
353302490	
354032153	
354478327	
355008856	
355800238	Local window (1.838) exceeds phase range (0.5).
 This is caused by num_durations being too large or the transit being unusually long.
356700488	Local window (1.612) exceeds phase range (0.5).
 This is caused by num_durations being too large or the transit being unusually long.
356835341	Local window (1.802) exceeds phase range (0.5).
 This is caused by num_durations being too large or the transit being unusually long.
356916207	Local window (2.505) exceeds phase range (0.5).
 This is caused by num_durations being too large or the transit being unusually long.
357299852	('Connection aborted.', RemoteDisconnected('Remote end closed connection without response'))
357347296	
357858008	
357956179	
358111035	
358253047	Local window (1.524) exceeds phase range (0.5).
 This is caused by num_durations being too large or the transit being unusually long.
358340733	
358975793	
359321688	Local window (1.464) exceeds phase range (0.5).
 This is caused by num_durations being too large or the transit being unusually long.
361218772	Local window (1.419) exceeds phase range (0.5).
 This is caused by num_durations being too large or the transit being unusually long.
361944563	
363040636	
363202582	Local window (1.705) exceeds phase range (0.5).
 This is caused by num_durations being too large or the transit being unusually long.
363417404	
364007087	
364571121	
364955057	
366409685	Local window (0.966) exceeds phase range (0.5).
 This is caused by num_durations being too large or the transit being unusually long.
366564164	
366698929	
366725641	
367439938	Local window (0.843) exceeds phase range (0.5).
 This is caused by num_durations being too large or the transit being unusually long.
367710318	
367739494	Local window (2.096) exceeds phase range (0.5).
 This is caused by num_durations being too large or the transit being unusually long.
367900542	Local window (2.217) exceeds phase range (0.5).
 This is caused by num_durations being too large or the transit being unusually long.
368184695	
368320811	Local window (2.127) exceeds phase range (0.5).
 This is caused by num_durations being too large or the transit being unusually long.
368628986	Local window (2.233) exceeds phase range (0.5).
 This is caused by num_durations being too large or the transit being unusually long.
369477998	Local window (0.633) exceeds phase range (0.5).
 This is caused by num_durations being too large or the transit being unusually long.
369907772	
371909591	
372068780	Local window (1.816) exceeds phase range (0.5).
 This is caused by num_durations being too large or the transit being unusually long.
372077289	
372757221	Local window (0.918) exceeds phase range (0.5).
 This is caused by num_durations being too large or the transit being unusually long.
372759746	Local window (2.436) exceeds phase range (0.5).
 This is caused by num_durations being too large or the transit being unusually long.
373196394	
374122973	
374173310	
374348168	Local window (1.875) exceeds phase range (0.5).
 This is caused by num_durations being too large or the transit being unusually long.
374521355	
374741750	Local window (0.503) exceeds phase range (0.5).
 This is caused by num_durations being too large or the transit being unusually long.
374800835	
374829238	Local window (2.619) exceeds phase range (0.5).
 This is caused by num_durations being too large or the transit being unusually long.
375192273	
375850439	Local window (0.573) exceeds phase range (0.5).
 This is caused by num_durations being too large or the transit being unusually long.
375855364	
376354189	
376847633	Local window (2.495) exceeds phase range (0.5).
 This is caused by num_durations being too large or the transit being unusually long.
376867898	Local window (2.334) exceeds phase range (0.5).
 This is caused by num_durations being too large or the transit being unusually long.
377253700	
378291076	Local window (2.146) exceeds phase range (0.5).
 This is caused by num_durations being too large or the transit being unusually long.
378613125	Local window (1.591) exceeds phase range (0.5).
 This is caused by num_durations being too large or the transit being unusually long.
378860702	
378976682	Local window (0.719) exceeds phase range (0.5).
 This is caused by num_durations being too large or the transit being unusually long.
380671216	Local window (2.586) exceeds phase range (0.5).
 This is caused by num_durations being too large or the transit being unusually long.
380886534	('Connection aborted.', RemoteDisconnected('Remote end closed connection without response'))
382258844	Local window (1.956) exceeds phase range (0.5).
 This is caused by num_durations being too large or the transit being unusually long.
382625239	Local window (1.027) exceeds phase range (0.5).
 This is caused by num_durations being too large or the transit being unusually long.
382975217	('Connection aborted.', RemoteDisconnected('Remote end closed connection without response'))
383358873	
383364626	
383829317	
385400633	Local window (0.510) exceeds phase range (0.5).
 This is caused by num_durations being too large or the transit being unusually long.
385796857	
387260717	Local window (2.147) exceeds phase range (0.5).
 This is caused by num_durations being too large or the transit being unusually long.
387346503	
387377484	
387414814	
387416841	
387527174	
387974148	Local window (1.864) exceeds phase range (0.5).
 This is caused by num_durations being too large or the transit being unusually long.
388089437	Local window (1.223) exceeds phase range (0.5).
 This is caused by num_durations being too large or the transit being unusually long.
388371132	
388816604	Local window (2.590) exceeds phase range (0.5).
 This is caused by num_durations being too large or the transit being unusually long.
389924075	Local window (2.087) exceeds phase range (0.5).
 This is caused by num_durations being too large or the transit being unusually long.
390207998	
391090520	
392022763	
392027961	
392995938	Local window (2.195) exceeds phase range (0.5).
 This is caused by num_durations being too large or the transit being unusually long.
393298446	Local window (1.412) exceeds phase range (0.5).
 This is caused by num_durations being too large or the transit being unusually long.
393412295	
394924803	
395142888	Local window (0.903) exceeds phase range (0.5).
 This is caused by num_durations being too large or the transit being unusually long.
395214388	
395790368	
396723723	
396731435	
396813816	
396896334	
396932137	Local window (1.272) exceeds phase range (0.5).
 This is caused by num_durations being too large or the transit being unusually long.
396935099	
397053253	
397653875	
398099429	
398725538	('Connection aborted.', RemoteDisconnected('Remote end closed connection without response'))
399195246	
399789568	Local window (2.147) exceeds phase range (0.5).
 This is caused by num_durations being too large or the transit being unusually long.
399868187	('Connection aborted.', RemoteDisconnected('Remote end closed connection without response'))
400093502	Local window (1.710) exceeds phase range (0.5).
 This is caused by num_durations being too large or the transit being unusually long.
400235555	
400491269	
400762242	Local window (0.616) exceeds phase range (0.5).
 This is caused by num_durations being too large or the transit being unusually long.
400968492	
400972123	Local window (2.305) exceeds phase range (0.5).
 This is caused by num_durations being too large or the transit being unusually long.
401028336	Local window (1.420) exceeds phase range (0.5).
 This is caused by num_durations being too large or the transit being unusually long.
404506270	
404898080	
404970821	
405230669	
405255920	
405269313	
405542683	Local window (0.989) exceeds phase range (0.5).
 This is caused by num_durations being too large or the transit being unusually long.
405689470	
405700729	Local window (1.114) exceeds phase range (0.5).
 This is caused by num_durations being too large or the transit being unusually long.
405763009	Local window (2.200) exceeds phase range (0.5).
 This is caused by num_durations being too large or the transit being unusually long.
405837291	Local window (1.204) exceeds phase range (0.5).
 This is caused by num_durations being too large or the transit being unusually long.
406106335	Local window (1.940) exceeds phase range (0.5).
 This is caused by num_durations being too large or the transit being unusually long.
406548952	
406684949	
407135911	
407905370	
407997410	Local window (2.048) exceeds phase range (0.5).
 This is caused by num_durations being too large or the transit being unusually long.
408317165	
408506314	
408508003	
408548144	
408656366	Local window (1.793) exceeds phase range (0.5).
 This is caused by num_durations being too large or the transit being unusually long.
409796937	
410449566	
412054152	Local window (2.189) exceeds phase range (0.5).
 This is caused by num_durations being too large or the transit being unusually long.
414919755	
415084429	
415377888	
415461195	
415739607	
417514666	
417564823	
417942201	
418012030	
418184767	
418262301	
418301643	Local window (1.744) exceeds phase range (0.5).
 This is caused by num_durations being too large or the transit being unusually long.
418375357	
418543326	
418629890	
418981325	Local window (2.038) exceeds phase range (0.5).
 This is caused by num_durations being too large or the transit being unusually long.
419148828	Local window (2.147) exceeds phase range (0.5).
 This is caused by num_durations being too large or the transit being unusually long.
419524589	
419878733	
420016507	
420018238	
420108587	Local window (1.402) exceeds phase range (0.5).
 This is caused by num_durations being too large or the transit being unusually long.
420191136	
420383981	
421330229	
421951960	Local window (1.792) exceeds phase range (0.5).
 This is caused by num_durations being too large or the transit being unusually long.
422159302	Local window (1.772) exceeds phase range (0.5).
 This is caused by num_durations being too large or the transit being unusually long.
422656370	Local window (1.006) exceeds phase range (0.5).
 This is caused by num_durations being too large or the transit being unusually long.
422707559	
423445163	Local window (2.338) exceeds phase range (0.5).
 This is caused by num_durations being too large or the transit being unusually long.
423666115	
423670610	Local window (2.127) exceeds phase range (0.5).
 This is caused by num_durations being too large or the transit being unusually long.
423903016	
424388628	Local window (2.563) exceeds phase range (0.5).
 This is caused by num_durations being too large or the transit being unusually long.
425706173	
425934411	Local window (1.563) exceeds phase range (0.5).
 This is caused by num_durations being too large or the transit being unusually long.
426122272	
426956677	Local window (2.332) exceeds phase range (0.5).
 This is caused by num_durations being too large or the transit being unusually long.
427320001	Local window (1.840) exceeds phase range (0.5).
 This is caused by num_durations being too large or the transit being unusually long.
427715152	
427855645	
428767018	Local window (1.759) exceeds phase range (0.5).
 This is caused by num_durations being too large or the transit being unusually long.
428867906	Local window (1.689) exceeds phase range (0.5).
 This is caused by num_durations being too large or the transit being unusually long.
429123881	
430406538	
430415564	
430666395	
430845815	
431033767	
431514478	Local window (2.318) exceeds phase range (0.5).
 This is caused by num_durations being too large or the transit being unusually long.
431838716	
431871952	
431899136	
432224130	
434086605	
434260570	Local window (1.017) exceeds phase range (0.5).
 This is caused by num_durations being too large or the transit being unusually long.
434270112	
434373518	
435851868	
436222251	
436875993	
437756191	Local window (2.226) exceeds phase range (0.5).
 This is caused by num_durations being too large or the transit being unusually long.
437984134	Timeout limit of 600 exceeded.
438298111	
438329568	Local window (2.092) exceeds phase range (0.5).
 This is caused by num_durations being too large or the transit being unusually long.
438368981	Local window (0.927) exceeds phase range (0.5).
 This is caused by num_durations being too large or the transit being unusually long.
439444938	Local window (0.741) exceeds phase range (0.5).
 This is caused by num_durations being too large or the transit being unusually long.
439598736	
439873430	
439939258	
439942982	Local window (1.884) exceeds phase range (0.5).
 This is caused by num_durations being too large or the transit being unusually long.
440001383	
440562226	
441587756	Local window (1.820) exceeds phase range (0.5).
 This is caused by num_durations being too large or the transit being unusually long.
441589581	Local window (2.543) exceeds phase range (0.5).
 This is caused by num_durations being too large or the transit being unusually long.
443534757	
443607377	
443823169	Local window (1.775) exceeds phase range (0.5).
 This is caused by num_durations being too large or the transit being unusually long.
444159424	
444209952	
445144327	Local window (2.051) exceeds phase range (0.5).
 This is caused by num_durations being too large or the transit being unusually long.
445276138	
446157122	Local window (2.041) exceeds phase range (0.5).
 This is caused by num_durations being too large or the transit being unusually long.
446166017	
446524637	Local window (2.337) exceeds phase range (0.5).
 This is caused by num_durations being too large or the transit being unusually long.
447088034	Local window (2.469) exceeds phase range (0.5).
 This is caused by num_durations being too large or the transit being unusually long.
447593267	Local window (1.882) exceeds phase range (0.5).
 This is caused by num_durations being too large or the transit being unusually long.
449257028	Local window (1.536) exceeds phase range (0.5).
 This is caused by num_durations being too large or the transit being unusually long.
450012972	
452049244	Local window (0.506) exceeds phase range (0.5).
 This is caused by num_durations being too large or the transit being unusually long.
452727513	
452741216	
452837676	
452864692	
452973397	
453677947	Local window (1.152) exceeds phase range (0.5).
 This is caused by num_durations being too large or the transit being unusually long.
454918388	Local window (0.577) exceeds phase range (0.5).
 This is caused by num_durations being too large or the transit being unusually long.
455030519	
455033897	
455733237	
455791689	Local window (1.036) exceeds phase range (0.5).
 This is caused by num_durations being too large or the transit being unusually long.
456130294	
456335739	
456401439	
456787558	
457039843	
458027465	
458458156	
458615187	
459021929	
459189798	Local window (1.918) exceeds phase range (0.5).
 This is caused by num_durations being too large or the transit being unusually long.
459837008	Local window (1.909) exceeds phase range (0.5).
 This is caused by num_durations being too large or the transit being unusually long.
459913687	
459947163	
459970307	Local window (1.344) exceeds phase range (0.5).
 This is caused by num_durations being too large or the transit being unusually long.
460950389	Local window (0.605) exceeds phase range (0.5).
 This is caused by num_durations being too large or the transit being unusually long.
461491274	Local window (1.618) exceeds phase range (0.5).
 This is caused by num_durations being too large or the transit being unusually long.
461547946	
462507821	
463590116	Local window (1.011) exceeds phase range (0.5).
 This is caused by num_durations being too large or the transit being unusually long.
464542805	Local window (2.089) exceeds phase range (0.5).
 This is caused by num_durations being too large or the transit being unusually long.
465933345	Local window (1.205) exceeds phase range (0.5).
 This is caused by num_durations being too large or the transit being unusually long.
466890210	
466928064	
466966249	
467153319	Local window (1.499) exceeds phase range (0.5).
 This is caused by num_durations being too large or the transit being unusually long.
467602108	
467615239	
468350765	
468433454	
468997317	Local window (1.980) exceeds phase range (0.5).
 This is caused by num_durations being too large or the transit being unusually long.
469523613	
469523619	
469791892	Local window (1.602) exceeds phase range (0.5).
 This is caused by num_durations being too large or the transit being unusually long.
470749725	
470898625	
470987100	('Connection aborted.', RemoteDisconnected('Remote end closed connection without response'))
666567477	Local window (2.202) exceeds phase range (0.5).
 This is caused by num_durations being too large or the transit being unusually long.
742648307	Local window (1.640) exceeds phase range (0.5).
 This is caused by num_durations being too large or the transit being unusually long.
900240532	Local window (0.562) exceeds phase range (0.5).
 This is caused by num_durations being too large or the transit being unusually long.
900715901	Local window (2.071) exceeds phase range (0.5).
 This is caused by num_durations being too large or the transit being unusually long.
